<?xml version="1.0" encoding="UTF-8"?>
<testng-results ignored="0" total="1" passed="1" failed="0" skipped="0">
  <reporter-output>
  </reporter-output>
  <suite started-at="2022-07-02T21:24:19 CST" name="com.xronos.constants.ContractTypeEnumTest" finished-at="2022-07-02T21:24:19 CST" duration-ms="16">
    <groups>
    </groups>
    <test started-at="2022-07-02T21:24:19 CST" name="Command line test" finished-at="2022-07-02T21:24:19 CST" duration-ms="16">
      <class name="com.xronos.constants.ContractTypeEnumTest">
        <test-method signature="testContractTypeEnum()[pri:0, instance:com.xronos.constants.ContractTypeEnumTest@618b19ad]" started-at="2022-07-02T21:24:19 CST" name="testContractTypeEnum" finished-at="2022-07-02T21:24:19 CST" duration-ms="3" status="PASS">
          <reporter-output>
          </reporter-output>
        </test-method> <!-- testContractTypeEnum -->
      </class> <!-- com.xronos.constants.ContractTypeEnumTest -->
    </test> <!-- Command line test -->
  </suite> <!-- com.xronos.constants.ContractTypeEnumTest -->
</testng-results>
